<?xml version="1.0" encoding="UTF-8"?>
<!-- Generated by org.testng.reporters.JUnitReportReporter -->
<testsuite hostname="DESKTOP-FNILSU2" failures="0" tests="3" name="FirstTestNGPackage.FirstTestNGFile" time="0.029" errors="0" timestamp="2023-06-04T08:46:21 IST" skipped="0">
  <testcase classname="FirstTestNGPackage.FirstTestNGFile" name="TC1" time="0.016"/>
  <system-out/>
  <testcase classname="FirstTestNGPackage.FirstTestNGFile" name="TC3" time="0.004"/>
  <system-out/>
  <testcase classname="FirstTestNGPackage.FirstTestNGFile" name="TC2" time="0.009"/>
  <system-out/>
</testsuite> <!-- FirstTestNGPackage.FirstTestNGFile -->
