<?xml version="1.0" encoding="UTF-8"?>
<!-- Generated by org.testng.reporters.JUnitReportReporter -->
<testsuite hostname="DESKTOP-FNILSU2" failures="0" tests="3" name="FirstTestNGPackage.TestPriority" time="0.012" errors="0" timestamp="2023-06-04T08:57:20 IST" skipped="1">
  <testcase classname="FirstTestNGPackage.TestPriority" name="testSignIn" time="0.011"/>
  <system-out/>
  <testcase classname="FirstTestNGPackage.TestPriority" name="testLogIn" time="0.001"/>
  <system-out/>
  <testcase classname="FirstTestNGPackage.TestPriority" name="testLogOut">
    <skipped/>
  </testcase> <!-- testLogOut -->
  <system-out/>
</testsuite> <!-- FirstTestNGPackage.TestPriority -->
