<?xml version="1.0" encoding="UTF-8"?>
<!-- Generated by org.testng.reporters.JUnitReportReporter -->
<testsuite hostname="DESKTOP-FNILSU2" failures="0" tests="3" name="FirstTestNGPackage.TestInvocationCount" time="0.013" errors="0" timestamp="2023-06-04T08:59:38 IST" skipped="0">
  <testcase classname="FirstTestNGPackage.TestInvocationCount" name="testSignin" time="0.001"/>
  <system-out/>
  <testcase classname="FirstTestNGPackage.TestInvocationCount" name="testSignin" time="0.002"/>
  <system-out/>
  <testcase classname="FirstTestNGPackage.TestInvocationCount" name="testSignin" time="0.010"/>
  <system-out/>
</testsuite> <!-- FirstTestNGPackage.TestInvocationCount -->
