<?xml version="1.0" encoding="UTF-8"?>
<!-- Generated by org.testng.reporters.JUnitReportReporter -->
<testsuite hostname="DESKTOP-FNILSU2" failures="0" tests="4" name="FirstTestNGPackage.TestEnabled" time="0.012" errors="0" timestamp="2023-06-04T08:52:29 IST" skipped="2">
  <testcase classname="FirstTestNGPackage.TestEnabled" name="testcase4" time="0.002"/>
  <system-out/>
  <testcase classname="FirstTestNGPackage.TestEnabled" name="testcase2" time="0.010"/>
  <system-out/>
  <testcase classname="FirstTestNGPackage.TestEnabled" name="testcase3">
    <skipped/>
  </testcase> <!-- testcase3 -->
  <system-out/>
  <testcase classname="FirstTestNGPackage.TestEnabled" name="testcase1">
    <skipped/>
  </testcase> <!-- testcase1 -->
  <system-out/>
</testsuite> <!-- FirstTestNGPackage.TestEnabled -->
